<?xml version="1.0" encoding="UTF-8"?>
<!-- Generated by org.testng.reporters.JUnitXMLReporter -->
<testsuite hostname="RCT-7D020565H" ignored="0" name="Default test" tests="4" failures="0" timestamp="2020-08-02T00:48:20 EDT" time="5.647" errors="0">
  <testcase name="@BeforeTest initializeBroswer_AndGoTo_URL" time="5.51" classname="com.insureincanada.testCases.HomePageTest">
    <failure type="java.lang.NullPointerException" message="null value in entry: url=null">
      <![CDATA[java.lang.NullPointerException: null value in entry: url=null
at com.google.common.collect.CollectPreconditions.checkEntryNotNull(CollectPreconditions.java:32)
at com.google.common.collect.SingletonImmutableBiMap.<init>(SingletonImmutableBiMap.java:42)
at com.google.common.collect.ImmutableBiMap.of(ImmutableBiMap.java:72)
at com.google.common.collect.ImmutableMap.of(ImmutableMap.java:124)
at org.openqa.selenium.remote.RemoteWebDriver.get(RemoteWebDriver.java:277)
at com.insureincanada.testCases.HomePageTest.initializeBroswer_AndGoTo_URL(HomePageTest.java:23)
at sun.reflect.NativeMethodAccessorImpl.invoke0(Native Method)
at sun.reflect.NativeMethodAccessorImpl.invoke(Unknown Source)
at sun.reflect.DelegatingMethodAccessorImpl.invoke(Unknown Source)
at java.lang.reflect.Method.invoke(Unknown Source)
at org.testng.internal.MethodInvocationHelper.invokeMethod(MethodInvocationHelper.java:135)
at org.testng.internal.MethodInvocationHelper.invokeMethodConsideringTimeout(MethodInvocationHelper.java:64)
at org.testng.internal.ConfigInvoker.invokeConfigurationMethod(ConfigInvoker.java:364)
at org.testng.internal.ConfigInvoker.invokeConfigurations(ConfigInvoker.java:318)
at org.testng.TestRunner.invokeTestConfigurations(TestRunner.java:620)
at org.testng.TestRunner.beforeRun(TestRunner.java:610)
at org.testng.TestRunner.run(TestRunner.java:581)
at org.testng.SuiteRunner.runTest(SuiteRunner.java:384)
at org.testng.SuiteRunner.runSequentially(SuiteRunner.java:378)
at org.testng.SuiteRunner.privateRun(SuiteRunner.java:337)
at org.testng.SuiteRunner.run(SuiteRunner.java:286)
at org.testng.SuiteRunnerWorker.runSuite(SuiteRunnerWorker.java:53)
at org.testng.SuiteRunnerWorker.run(SuiteRunnerWorker.java:96)
at org.testng.TestNG.runSuitesSequentially(TestNG.java:1214)
at org.testng.TestNG.runSuitesLocally(TestNG.java:1136)
at org.testng.TestNG.runSuites(TestNG.java:1066)
at org.testng.TestNG.run(TestNG.java:1034)
at org.testng.remote.AbstractRemoteTestNG.run(AbstractRemoteTestNG.java:115)
at org.testng.remote.RemoteTestNG.initAndRun(RemoteTestNG.java:251)
at org.testng.remote.RemoteTestNG.main(RemoteTestNG.java:77)
]]>
    </failure>
  </testcase> <!-- @BeforeTest initializeBroswer_AndGoTo_URL -->
  <testcase name="@AfterTest tearDown" time="-1.596343700843E9" classname="com.insureincanada.testCases.HomePageTest">
    <skipped/>
  </testcase> <!-- @AfterTest tearDown -->
  <testcase name="homePageNavigaiton" time="0.0" classname="com.insureincanada.testCases.HomePageTest">
    <skipped/>
  </testcase> <!-- homePageNavigaiton -->
  <testcase name="superVisaSinglePolicyInitialInfoDefaultDate" time="0.0" classname="com.insureincanada.testCases.HomePageTest">
    <skipped/>
  </testcase> <!-- superVisaSinglePolicyInitialInfoDefaultDate -->
  <testcase name="superVisaTitle" time="0.0" classname="com.insureincanada.testCases.HomePageTest">
    <skipped/>
  </testcase> <!-- superVisaTitle -->
  <testcase name="toCheckSS_onTCFailure" time="0.0" classname="com.insureincanada.testCases.HomePageTest">
    <skipped/>
  </testcase> <!-- toCheckSS_onTCFailure -->
</testsuite> <!-- Default test -->
